

***********************************************************************
Fatal NI connect error 12545, connecting to:
 (DESCRIPTION=(ADDRESS=(PROTOCOL=TCP)(Host=proto1.de.sc.ti.com)(Port=1521))(CONNECT_DATA=(SID=rptfw)(CID=(PROGRAM=perl)(HOST=q3030)(USER=kthmgr))))

  VERSION INFORMATION:
	TNS for Linux: Version 10.2.0.1.0 - Production
	TCP/IP NT Protocol Adapter for Linux: Version 10.2.0.1.0 - Production
  Time: 02-MAR-2018 16:21:13
  Tracing not turned on.
  Tns error struct:
    ns main err code: 12545
    TNS-12545: Connect failed because target host or object does not exist
    ns secondary err code: 12560
    nt main err code: 515
    TNS-00515: Connect failed because target host or object does not exist
    nt secondary err code: 0
    nt OS err code: 0


***********************************************************************
Fatal NI connect error 12545, connecting to:
 (DESCRIPTION=(ADDRESS=(PROTOCOL=TCP)(Host=proto1.de.sc.ti.com)(Port=1521))(CONNECT_DATA=(SID=rptfw)(CID=(PROGRAM=perl)(HOST=q3030)(USER=kthmgr))))

  VERSION INFORMATION:
	TNS for Linux: Version 10.2.0.1.0 - Production
	TCP/IP NT Protocol Adapter for Linux: Version 10.2.0.1.0 - Production
  Time: 02-MAR-2018 16:24:24
  Tracing not turned on.
  Tns error struct:
    ns main err code: 12545
    TNS-12545: Connect failed because target host or object does not exist
    ns secondary err code: 12560
    nt main err code: 515
    TNS-00515: Connect failed because target host or object does not exist
    nt secondary err code: 0
    nt OS err code: 0


***********************************************************************
Fatal NI connect error 12545, connecting to:
 (DESCRIPTION=(ADDRESS=(PROTOCOL=TCP)(Host=proto1.de.sc.ti.com)(Port=1521))(CONNECT_DATA=(SID=rptfw)(CID=(PROGRAM=perl)(HOST=q3030)(USER=kthmgr))))

  VERSION INFORMATION:
	TNS for Linux: Version 10.2.0.1.0 - Production
	TCP/IP NT Protocol Adapter for Linux: Version 10.2.0.1.0 - Production
  Time: 02-MAR-2018 16:24:45
  Tracing not turned on.
  Tns error struct:
    ns main err code: 12545
    TNS-12545: Connect failed because target host or object does not exist
    ns secondary err code: 12560
    nt main err code: 515
    TNS-00515: Connect failed because target host or object does not exist
    nt secondary err code: 0
    nt OS err code: 0


***********************************************************************
Fatal NI connect error 12545, connecting to:
 (DESCRIPTION=(ADDRESS=(PROTOCOL=TCP)(Host=proto1.de.sc.ti.com)(Port=1521))(CONNECT_DATA=(SID=rptfw)(CID=(PROGRAM=perl)(HOST=q3030)(USER=kthmgr))))

  VERSION INFORMATION:
	TNS for Linux: Version 10.2.0.1.0 - Production
	TCP/IP NT Protocol Adapter for Linux: Version 10.2.0.1.0 - Production
  Time: 02-MAR-2018 16:29:05
  Tracing not turned on.
  Tns error struct:
    ns main err code: 12545
    TNS-12545: Connect failed because target host or object does not exist
    ns secondary err code: 12560
    nt main err code: 515
    TNS-00515: Connect failed because target host or object does not exist
    nt secondary err code: 0
    nt OS err code: 0


***********************************************************************
Fatal NI connect error 12545, connecting to:
 (DESCRIPTION=(ADDRESS=(PROTOCOL=TCP)(Host=proto1.de.sc.ti.com)(Port=1521))(CONNECT_DATA=(SID=rptfw)(CID=(PROGRAM=perl)(HOST=q3030)(USER=kthmgr))))

  VERSION INFORMATION:
	TNS for Linux: Version 10.2.0.1.0 - Production
	TCP/IP NT Protocol Adapter for Linux: Version 10.2.0.1.0 - Production
  Time: 02-MAR-2018 16:29:21
  Tracing not turned on.
  Tns error struct:
    ns main err code: 12545
    TNS-12545: Connect failed because target host or object does not exist
    ns secondary err code: 12560
    nt main err code: 515
    TNS-00515: Connect failed because target host or object does not exist
    nt secondary err code: 0
    nt OS err code: 0


***********************************************************************
Fatal NI connect error 12514, connecting to:
 (DESCRIPTION=(CONNECT_DATA=(SERVICE_NAME=lepftds)(CID=(PROGRAM=perl)(HOST=q3030)(USER=kthmgr)))(ADDRESS=(PROTOCOL=TCP)(HOST=172.17.194.52)(PORT=1521)))

  VERSION INFORMATION:
	TNS for Linux: Version 10.2.0.1.0 - Production
	TCP/IP NT Protocol Adapter for Linux: Version 10.2.0.1.0 - Production
  Time: 06-MAR-2018 10:31:32
  Tracing not turned on.
  Tns error struct:
    ns main err code: 12564
    TNS-12564: TNS:connection refused
    ns secondary err code: 0
    nt main err code: 0
    nt secondary err code: 0
    nt OS err code: 0
